<?xml version="1.0" encoding="UTF-8"?>
<!-- Generated by org.testng.reporters.JUnitReportReporter -->
<testsuite hostname="SONIYA-MALEWAR" failures="0" tests="1" name="com.sauceDemo.TestPackage.TC02_VerifyAddPrdtFunctionality" time="2.159" errors="0" timestamp="2023-01-04T20:10:08 IST" skipped="0">
  <testcase classname="com.sauceDemo.TestPackage.TC02_VerifyAddPrdtFunctionality" name="addPrdtFunctionality" time="2.159"/>
  <system-out/>
</testsuite> <!-- com.sauceDemo.TestPackage.TC02_VerifyAddPrdtFunctionality -->
