<?xml version="1.0" encoding="UTF-8"?>
<!-- Generated by org.testng.reporters.JUnitReportReporter -->
<testsuite hostname="SONIYA-MALEWAR" failures="0" tests="1" name="com.sauceDemo.TestPackage.TC01_VerifyLoginFunctionality" time="19.970" errors="0" timestamp="2023-01-04T20:10:08 IST" skipped="0">
  <testcase classname="com.sauceDemo.TestPackage.TC01_VerifyLoginFunctionality" name="loginFunctionality" time="19.970"/>
  <system-out/>
</testsuite> <!-- com.sauceDemo.TestPackage.TC01_VerifyLoginFunctionality -->
